
> part2.6@0.1.0 server /Users/bsnider/workspace/tinkerings/fullstackopen/part2/part2.15
> nohup json-server -p 3001 --watch db.json </dev/null &


  \{^_^}/ hi!

  Loading db.json
  Done

  Resources
  http://localhost:3001/persons

  Home
  http://localhost:3001

  Type s + enter at any time to create a snapshot of the database
  Watching...

[0mGET /persons [36m304[0m 8.613 ms - -[0m
[0mGET /persons [36m304[0m 2.920 ms - -[0m
[0mPOST /persons [32m201[0m 27.923 ms - 44[0m
[0mGET /persons [32m200[0m 3.324 ms - 376[0m
[0mPOST /persons [32m201[0m 3.602 ms - 45[0m
[0mGET /persons [32m200[0m 3.755 ms - 433[0m
[0mGET /persons [36m304[0m 2.931 ms - -[0m
[0mGET /persons [36m304[0m 3.381 ms - -[0m
[0mGET /persons [36m304[0m 2.087 ms - -[0m
[0mGET /persons [36m304[0m 4.598 ms - -[0m
[0mGET /persons [36m304[0m 3.311 ms - -[0m
[0mPOST /persons [32m201[0m 3.730 ms - 46[0m
[0mGET /persons [32m200[0m 4.252 ms - 491[0m
